<?xml version="1.0" encoding="UTF-8"?>
<!-- Generated by org.testng.reporters.JUnitReportReporter -->
<testsuite hostname="Akhil" failures="0" tests="7" name="TestRunner.TestRunner" time="255.077" errors="0" timestamp="2024-11-01T16:54:16 IST" skipped="0">
  <testcase classname="TestRunner.TestRunner" name="runScenario" time="30.186"/>
  <system-out/>
  <testcase classname="TestRunner.TestRunner" name="runScenario" time="37.089"/>
  <system-out/>
  <testcase classname="TestRunner.TestRunner" name="runScenario" time="30.180"/>
  <system-out/>
  <testcase classname="TestRunner.TestRunner" name="runScenario" time="33.659"/>
  <system-out/>
  <testcase classname="TestRunner.TestRunner" name="runScenario" time="30.248"/>
  <system-out/>
  <testcase classname="TestRunner.TestRunner" name="runScenario" time="62.759"/>
  <system-out/>
  <testcase classname="TestRunner.TestRunner" name="runScenario" time="30.956"/>
  <system-out/>
</testsuite> <!-- TestRunner.TestRunner -->
